  Using bundled DotNet SDK version: 6.0.302
  Running UnrealBuildTool: dotnet "..\..\Engine\Binaries\DotNET\UnrealBuildTool\UnrealBuildTool.dll" FirstPersonEditor Win64 Development -Project="C:\UnrealEngine\CSharpForUnrealEngine5\CsFirstPerson\FirstPerson.uproject" -WaitMutex -FromMsBuild
  Log file: C:\Users\Jerome\AppData\Local\UnrealBuildTool\Log.txt
  Using 'git status' to determine working set for adaptive non-unity build (C:\UnrealEngine\CSharpForUnrealEngine5\CsFirstPerson).
  Waiting for 'git status' command to complete
  Invalidating makefile for FirstPersonEditor (working set of source files changed)
  Parsing headers for FirstPersonEditor
    Running Internal UnrealHeaderTool C:\UnrealEngine\CSharpForUnrealEngine5\CsFirstPerson\FirstPerson.uproject C:\UnrealEngine\CSharpForUnrealEngine5\CsFirstPerson\Intermediate\Build\Win64\FirstPersonEditor\Development\FirstPersonEditor.uhtmanifest -WarningsAsErrors -installed
  Total of 0 written
  Reflection code generated for FirstPersonEditor in 1.0858249 seconds
  Building FirstPersonEditor...
  Using Visual Studio 2022 14.33.31629 toolchain (C:\Program Files\Microsoft Visual Studio\2022\Community\VC\Tools\MSVC\14.33.31629) and Windows 10.0.19041.0 SDK (C:\Program Files (x86)\Windows Kits\10).
  [Upgrade]
  [Upgrade] Using backward-compatible include order. The latest version of UE has changed the order of includes, which may require code changes. The current setting is:
  [Upgrade]     IncludeOrderVersion = EngineIncludeOrderVersion.Unreal5_1
  [Upgrade] Suppress this message by setting 'IncludeOrderVersion = EngineIncludeOrderVersion.Unreal5_2;' in FirstPersonEditor.Target.cs.
  [Upgrade] Alternatively you can set this to 'EngineIncludeOrderVersion.Latest' to always use the latest include order. This will potentially cause compile errors when integrating new versions of the engine.
  [Upgrade]
  [Adaptive Build] Excluded from FirstPerson unity file: CSharpCharacter.cpp, CSharpProjectile.cpp, CSharpWeaponComponent.cpp
  Determining max actions to execute in parallel (14 physical cores, 20 logical cores)
    Executing up to 14 processes, one per physical core
  Building 11 actions with 11 processes...
  [1/11] Compile [x64] CSharpProjectile.gen.cpp
  [2/11] Compile [x64] CSharpProjectile.cpp
  [3/11] Compile [x64] CSharpPickupComponent.cpp
  [4/11] Compile [x64] CSharpCharacter.cpp
  [5/11] Compile [x64] CSharpCharacter.gen.cpp
  [6/11] Compile [x64] CSharpPickupComponent.gen.cpp
  [7/11] Compile [x64] CSharpWeaponComponent.gen.cpp
  [8/11] Compile [x64] CSharpWeaponComponent.cpp
  [9/11] Link [x64] UnrealEditor-FirstPerson.lib
     Creating library C:\UnrealEngine\CSharpForUnrealEngine5\CsFirstPerson\Intermediate\Build\Win64\x64\UnrealEditor\Development\FirstPerson\UnrealEditor-FirstPerson.lib and object C:\UnrealEngine\CSharpForUnrealEngine5\CsFirstPerson\Intermediate\Build\Win64\x64\UnrealEditor\Development\FirstPerson\UnrealEditor-FirstPerson.exp
  [10/11] Link [x64] UnrealEditor-FirstPerson.dll
     Creating library C:\UnrealEngine\CSharpForUnrealEngine5\CsFirstPerson\Intermediate\Build\Win64\x64\UnrealEditor\Development\FirstPerson\UnrealEditor-FirstPerson.suppressed.lib and object C:\UnrealEngine\CSharpForUnrealEngine5\CsFirstPerson\Intermediate\Build\Win64\x64\UnrealEditor\Development\FirstPerson\UnrealEditor-FirstPerson.suppressed.exp
  [11/11] WriteMetadata FirstPersonEditor.target
  Total time in Parallel executor: 4.29 seconds
  Total execution time: 8.62 seconds
